<?xml version="1.0" encoding="UTF-8"?>
<testsuite xmlns:xsi="http://www.w3.org/2001/XMLSchema-instance" xsi:noNamespaceSchemaLocation="https://maven.apache.org/surefire/maven-surefire-plugin/xsd/surefire-test-report.xsd" name="TestSuite" time="43.57" tests="1" errors="0" skipped="0" failures="1">
  <properties>
    <property name="sun.desktop" value="gnome"/>
    <property name="awt.toolkit" value="sun.awt.X11.XToolkit"/>
    <property name="java.specification.version" value="11"/>
    <property name="sun.cpu.isalist" value=""/>
    <property name="sun.jnu.encoding" value="UTF-8"/>
    <property name="java.class.path" value="/home/kornulod/Templates/ui-tests/target/test-classes:/home/kornulod/Templates/ui-tests/target/classes:/home/kornulod/.m2/repository/com/github/stephenc/monte/monte-screen-recorder/0.7.7.0/monte-screen-recorder-0.7.7.0.jar:/home/kornulod/.m2/repository/junit/junit/4.13/junit-4.13.jar:/home/kornulod/.m2/repository/org/hamcrest/hamcrest-core/1.3/hamcrest-core-1.3.jar:/home/kornulod/.m2/repository/com/codeborne/selenide/5.13.0/selenide-5.13.0.jar:/home/kornulod/.m2/repository/io/github/bonigarcia/webdrivermanager/4.0.0/webdrivermanager-4.0.0.jar:/home/kornulod/.m2/repository/org/rauschig/jarchivelib/1.0.0/jarchivelib-1.0.0.jar:/home/kornulod/.m2/repository/org/apache/commons/commons-compress/1.18/commons-compress-1.18.jar:/home/kornulod/.m2/repository/org/apache/httpcomponents/client5/httpclient5/5.0.1/httpclient5-5.0.1.jar:/home/kornulod/.m2/repository/org/apache/httpcomponents/core5/httpcore5/5.0.1/httpcore5-5.0.1.jar:/home/kornulod/.m2/repository/commons-codec/commons-codec/1.13/commons-codec-1.13.jar:/home/kornulod/.m2/repository/org/slf4j/slf4j-api/1.7.30/slf4j-api-1.7.30.jar:/home/kornulod/.m2/repository/io/cucumber/cucumber-junit/1.2.6/cucumber-junit-1.2.6.jar:/home/kornulod/.m2/repository/io/cucumber/cucumber-core/1.2.6/cucumber-core-1.2.6.jar:/home/kornulod/.m2/repository/info/cukes/cucumber-html/0.2.3/cucumber-html-0.2.3.jar:/home/kornulod/.m2/repository/io/cucumber/cucumber-java/1.2.6/cucumber-java-1.2.6.jar:/home/kornulod/.m2/repository/io/qameta/allure/allure-cucumber-jvm/2.13.5/allure-cucumber-jvm-2.13.5.jar:/home/kornulod/.m2/repository/io/qameta/allure/allure-java-commons/2.13.5/allure-java-commons-2.13.5.jar:/home/kornulod/.m2/repository/io/qameta/allure/allure-model/2.13.5/allure-model-2.13.5.jar:/home/kornulod/.m2/repository/org/apache/tika/tika-core/1.20/tika-core-1.20.jar:/home/kornulod/.m2/repository/org/jooq/joor-java-8/0.9.10/joor-java-8-0.9.10.jar:/home/kornulod/.m2/repository/info/cukes/cucumber-core/1.2.5/cucumber-core-1.2.5.jar:/home/kornulod/.m2/repository/org/slf4j/slf4j-simple/1.7.30/slf4j-simple-1.7.30.jar:/home/kornulod/.m2/repository/io/rest-assured/rest-assured/4.3.0/rest-assured-4.3.0.jar:/home/kornulod/.m2/repository/org/codehaus/groovy/groovy/3.0.2/groovy-3.0.2.jar:/home/kornulod/.m2/repository/org/codehaus/groovy/groovy-xml/3.0.2/groovy-xml-3.0.2.jar:/home/kornulod/.m2/repository/org/apache/httpcomponents/httpclient/4.5.3/httpclient-4.5.3.jar:/home/kornulod/.m2/repository/org/apache/httpcomponents/httpcore/4.4.6/httpcore-4.4.6.jar:/home/kornulod/.m2/repository/commons-logging/commons-logging/1.2/commons-logging-1.2.jar:/home/kornulod/.m2/repository/org/apache/httpcomponents/httpmime/4.5.3/httpmime-4.5.3.jar:/home/kornulod/.m2/repository/org/hamcrest/hamcrest/2.1/hamcrest-2.1.jar:/home/kornulod/.m2/repository/org/ccil/cowan/tagsoup/tagsoup/1.2.1/tagsoup-1.2.1.jar:/home/kornulod/.m2/repository/io/rest-assured/json-path/4.3.0/json-path-4.3.0.jar:/home/kornulod/.m2/repository/org/codehaus/groovy/groovy-json/3.0.2/groovy-json-3.0.2.jar:/home/kornulod/.m2/repository/io/rest-assured/rest-assured-common/4.3.0/rest-assured-common-4.3.0.jar:/home/kornulod/.m2/repository/io/rest-assured/xml-path/4.3.0/xml-path-4.3.0.jar:/home/kornulod/.m2/repository/jakarta/xml/bind/jakarta.xml.bind-api/2.3.2/jakarta.xml.bind-api-2.3.2.jar:/home/kornulod/.m2/repository/jakarta/activation/jakarta.activation-api/1.2.1/jakarta.activation-api-1.2.1.jar:/home/kornulod/.m2/repository/com/sun/xml/bind/jaxb-osgi/2.3.0.1/jaxb-osgi-2.3.0.1.jar:/home/kornulod/.m2/repository/org/apache/sling/org.apache.sling.javax.activation/0.1.0/org.apache.sling.javax.activation-0.1.0.jar:/home/kornulod/.m2/repository/javax/activation/activation/1.1.1/activation-1.1.1.jar:/home/kornulod/.m2/repository/org/aeonbits/owner/owner/1.0.10/owner-1.0.10.jar:/home/kornulod/.m2/repository/commons-io/commons-io/2.6/commons-io-2.6.jar:/home/kornulod/.m2/repository/org/testng/testng/6.14.3/testng-6.14.3.jar:/home/kornulod/.m2/repository/com/beust/jcommander/1.72/jcommander-1.72.jar:/home/kornulod/.m2/repository/org/apache-extras/beanshell/bsh/2.0b6/bsh-2.0b6.jar:/home/kornulod/.m2/repository/info/cukes/cucumber-testng/1.2.5/cucumber-testng-1.2.5.jar:/home/kornulod/.m2/repository/info/cukes/gherkin/2.12.2/gherkin-2.12.2.jar:/home/kornulod/.m2/repository/info/cukes/cucumber-picocontainer/1.2.5/cucumber-picocontainer-1.2.5.jar:/home/kornulod/.m2/repository/info/cukes/cucumber-jvm-deps/1.0.5/cucumber-jvm-deps-1.0.5.jar:/home/kornulod/.m2/repository/org/picocontainer/picocontainer/2.15/picocontainer-2.15.jar:/home/kornulod/.m2/repository/net/masterthought/cucumber-reporting/4.10.0/cucumber-reporting-4.10.0.jar:/home/kornulod/.m2/repository/com/fasterxml/jackson/core/jackson-databind/2.9.9.3/jackson-databind-2.9.9.3.jar:/home/kornulod/.m2/repository/com/fasterxml/jackson/core/jackson-core/2.9.9/jackson-core-2.9.9.jar:/home/kornulod/.m2/repository/org/apache/velocity/velocity/1.7/velocity-1.7.jar:/home/kornulod/.m2/repository/commons-lang/commons-lang/2.4/commons-lang-2.4.jar:/home/kornulod/.m2/repository/commons-collections/commons-collections/3.2.2/commons-collections-3.2.2.jar:/home/kornulod/.m2/repository/velocity-tools/velocity-tools/1.4/velocity-tools-1.4.jar:/home/kornulod/.m2/repository/joda-time/joda-time/2.10.2/joda-time-2.10.2.jar:/home/kornulod/.m2/repository/org/apache/commons/commons-lang3/3.9/commons-lang3-3.9.jar:/home/kornulod/.m2/repository/org/codehaus/plexus/plexus-utils/3.2.0/plexus-utils-3.2.0.jar:/home/kornulod/.m2/repository/org/jsoup/jsoup/1.12.1/jsoup-1.12.1.jar:/home/kornulod/.m2/repository/com/googlecode/owasp-java-html-sanitizer/owasp-java-html-sanitizer/20190610.1/owasp-java-html-sanitizer-20190610.1.jar:/home/kornulod/.m2/repository/commons-configuration/commons-configuration/1.10/commons-configuration-1.10.jar:/home/kornulod/.m2/repository/org/apache/maven/plugins/maven-surefire-plugin/2.22.2/maven-surefire-plugin-2.22.2.jar:/home/kornulod/.m2/repository/org/apache/maven/surefire/maven-surefire-common/2.22.2/maven-surefire-common-2.22.2.jar:/home/kornulod/.m2/repository/org/apache/maven/maven-plugin-api/2.2.1/maven-plugin-api-2.2.1.jar:/home/kornulod/.m2/repository/org/apache/maven/plugin-tools/maven-plugin-annotations/3.5.2/maven-plugin-annotations-3.5.2.jar:/home/kornulod/.m2/repository/org/apache/maven/surefire/surefire-api/2.22.2/surefire-api-2.22.2.jar:/home/kornulod/.m2/repository/org/apache/maven/surefire/surefire-logger-api/2.22.2/surefire-logger-api-2.22.2.jar:/home/kornulod/.m2/repository/org/apache/maven/surefire/surefire-booter/2.22.2/surefire-booter-2.22.2.jar:/home/kornulod/.m2/repository/org/apache/maven/maven-artifact/2.2.1/maven-artifact-2.2.1.jar:/home/kornulod/.m2/repository/org/apache/maven/maven-plugin-descriptor/2.2.1/maven-plugin-descriptor-2.2.1.jar:/home/kornulod/.m2/repository/org/codehaus/plexus/plexus-container-default/1.0-alpha-9-stable-1/plexus-container-default-1.0-alpha-9-stable-1.jar:/home/kornulod/.m2/repository/org/apache/maven/maven-project/2.2.1/maven-project-2.2.1.jar:/home/kornulod/.m2/repository/org/apache/maven/maven-settings/2.2.1/maven-settings-2.2.1.jar:/home/kornulod/.m2/repository/org/apache/maven/maven-profile/2.2.1/maven-profile-2.2.1.jar:/home/kornulod/.m2/repository/org/apache/maven/maven-artifact-manager/2.2.1/maven-artifact-manager-2.2.1.jar:/home/kornulod/.m2/repository/backport-util-concurrent/backport-util-concurrent/3.1/backport-util-concurrent-3.1.jar:/home/kornulod/.m2/repository/org/apache/maven/maven-plugin-registry/2.2.1/maven-plugin-registry-2.2.1.jar:/home/kornulod/.m2/repository/org/codehaus/plexus/plexus-interpolation/1.11/plexus-interpolation-1.11.jar:/home/kornulod/.m2/repository/org/apache/maven/maven-model/2.2.1/maven-model-2.2.1.jar:/home/kornulod/.m2/repository/org/apache/maven/maven-core/2.2.1/maven-core-2.2.1.jar:/home/kornulod/.m2/repository/org/apache/maven/maven-plugin-parameter-documenter/2.2.1/maven-plugin-parameter-documenter-2.2.1.jar:/home/kornulod/.m2/repository/org/apache/maven/wagon/wagon-http/1.0-beta-6/wagon-http-1.0-beta-6.jar:/home/kornulod/.m2/repository/org/apache/maven/wagon/wagon-http-shared/1.0-beta-6/wagon-http-shared-1.0-beta-6.jar:/home/kornulod/.m2/repository/nekohtml/xercesMinimal/1.9.6.2/xercesMinimal-1.9.6.2.jar:/home/kornulod/.m2/repository/nekohtml/nekohtml/1.9.6.2/nekohtml-1.9.6.2.jar:/home/kornulod/.m2/repository/commons-httpclient/commons-httpclient/3.1/commons-httpclient-3.1.jar:/home/kornulod/.m2/repository/org/apache/maven/wagon/wagon-webdav-jackrabbit/1.0-beta-6/wagon-webdav-jackrabbit-1.0-beta-6.jar:/home/kornulod/.m2/repository/org/apache/jackrabbit/jackrabbit-webdav/1.5.0/jackrabbit-webdav-1.5.0.jar:/home/kornulod/.m2/repository/org/apache/jackrabbit/jackrabbit-jcr-commons/1.5.0/jackrabbit-jcr-commons-1.5.0.jar:/home/kornulod/.m2/repository/org/slf4j/slf4j-nop/1.5.3/slf4j-nop-1.5.3.jar:/home/kornulod/.m2/repository/org/slf4j/slf4j-jdk14/1.5.6/slf4j-jdk14-1.5.6.jar:/home/kornulod/.m2/repository/org/slf4j/jcl-over-slf4j/1.5.6/jcl-over-slf4j-1.5.6.jar:/home/kornulod/.m2/repository/org/apache/maven/reporting/maven-reporting-api/2.2.1/maven-reporting-api-2.2.1.jar:/home/kornulod/.m2/repository/org/apache/maven/doxia/doxia-logging-api/1.1/doxia-logging-api-1.1.jar:/home/kornulod/.m2/repository/org/apache/maven/wagon/wagon-provider-api/1.0-beta-6/wagon-provider-api-1.0-beta-6.jar:/home/kornulod/.m2/repository/org/apache/maven/maven-repository-metadata/2.2.1/maven-repository-metadata-2.2.1.jar:/home/kornulod/.m2/repository/org/apache/maven/maven-error-diagnostics/2.2.1/maven-error-diagnostics-2.2.1.jar:/home/kornulod/.m2/repository/org/apache/maven/maven-monitor/2.2.1/maven-monitor-2.2.1.jar:/home/kornulod/.m2/repository/classworlds/classworlds/1.1/classworlds-1.1.jar:/home/kornulod/.m2/repository/org/sonatype/plexus/plexus-sec-dispatcher/1.3/plexus-sec-dispatcher-1.3.jar:/home/kornulod/.m2/repository/org/sonatype/plexus/plexus-cipher/1.4/plexus-cipher-1.4.jar:/home/kornulod/.m2/repository/org/apache/maven/maven-toolchain/2.2.1/maven-toolchain-2.2.1.jar:/home/kornulod/.m2/repository/org/codehaus/plexus/plexus-java/0.9.10/plexus-java-0.9.10.jar:/home/kornulod/.m2/repository/org/ow2/asm/asm/6.2/asm-6.2.jar:/home/kornulod/.m2/repository/com/thoughtworks/qdox/qdox/2.0-M8/qdox-2.0-M8.jar:/home/kornulod/.m2/repository/org/seleniumhq/selenium/selenium-java/3.141.59/selenium-java-3.141.59.jar:/home/kornulod/.m2/repository/org/seleniumhq/selenium/selenium-api/3.141.59/selenium-api-3.141.59.jar:/home/kornulod/.m2/repository/org/seleniumhq/selenium/selenium-edge-driver/3.141.59/selenium-edge-driver-3.141.59.jar:/home/kornulod/.m2/repository/org/seleniumhq/selenium/selenium-ie-driver/3.141.59/selenium-ie-driver-3.141.59.jar:/home/kornulod/.m2/repository/org/seleniumhq/selenium/selenium-opera-driver/3.141.59/selenium-opera-driver-3.141.59.jar:/home/kornulod/.m2/repository/org/seleniumhq/selenium/selenium-safari-driver/3.141.59/selenium-safari-driver-3.141.59.jar:/home/kornulod/.m2/repository/org/seleniumhq/selenium/selenium-support/3.141.59/selenium-support-3.141.59.jar:/home/kornulod/.m2/repository/net/bytebuddy/byte-buddy/1.8.15/byte-buddy-1.8.15.jar:/home/kornulod/.m2/repository/org/apache/commons/commons-exec/1.3/commons-exec-1.3.jar:/home/kornulod/.m2/repository/com/squareup/okhttp3/okhttp/3.11.0/okhttp-3.11.0.jar:/home/kornulod/.m2/repository/com/squareup/okio/okio/1.14.0/okio-1.14.0.jar:/home/kornulod/.m2/repository/org/seleniumhq/selenium/selenium-remote-driver/3.141.59/selenium-remote-driver-3.141.59.jar:/home/kornulod/.m2/repository/org/seleniumhq/selenium/selenium-chrome-driver/3.141.59/selenium-chrome-driver-3.141.59.jar:/home/kornulod/.m2/repository/org/seleniumhq/selenium/selenium-firefox-driver/3.141.59/selenium-firefox-driver-3.141.59.jar:/home/kornulod/.m2/repository/com/google/guava/guava/23.0/guava-23.0.jar:/home/kornulod/.m2/repository/com/google/code/findbugs/jsr305/1.3.9/jsr305-1.3.9.jar:/home/kornulod/.m2/repository/com/google/errorprone/error_prone_annotations/2.0.18/error_prone_annotations-2.0.18.jar:/home/kornulod/.m2/repository/com/google/j2objc/j2objc-annotations/1.1/j2objc-annotations-1.1.jar:/home/kornulod/.m2/repository/org/codehaus/mojo/animal-sniffer-annotations/1.14/animal-sniffer-annotations-1.14.jar:/home/kornulod/.m2/repository/com/google/code/gson/gson/2.8.5/gson-2.8.5.jar:/home/kornulod/.m2/repository/org/projectlombok/lombok/1.18.10/lombok-1.18.10.jar:/home/kornulod/.m2/repository/log4j/log4j/1.2.17/log4j-1.2.17.jar:/home/kornulod/.m2/repository/mysql/mysql-connector-java/5.1.36/mysql-connector-java-5.1.36.jar:/home/kornulod/.m2/repository/com/googlecode/json-simple/json-simple/1.1/json-simple-1.1.jar:/home/kornulod/.m2/repository/org/telegram/telegrambots-meta/5.3.0/telegrambots-meta-5.3.0.jar:/home/kornulod/.m2/repository/com/fasterxml/jackson/core/jackson-annotations/2.11.3/jackson-annotations-2.11.3.jar:/home/kornulod/.m2/repository/org/json/json/20180813/json-20180813.jar:"/>
    <property name="java.vm.vendor" value="Ubuntu"/>
    <property name="sun.arch.data.model" value="64"/>
    <property name="java.vendor.url" value="https://ubuntu.com/"/>
    <property name="user.timezone" value=""/>
    <property name="host" value="http://carid.com/"/>
    <property name="java.vm.specification.version" value="11"/>
    <property name="os.name" value="Linux"/>
    <property name="sun.java.launcher" value="SUN_STANDARD"/>
    <property name="user.country" value="US"/>
    <property name="sun.boot.library.path" value="/usr/lib/jvm/java-11-openjdk-amd64/lib"/>
    <property name="sun.java.command" value="/home/kornulod/Templates/ui-tests/target/surefire/surefirebooter10891156373914004851.jar /home/kornulod/Templates/ui-tests/target/surefire 2022-04-13T14-12-22_843-jvmRun1 surefire10028694309500291642tmp surefire_017331459672033630816tmp"/>
    <property name="jdk.debug" value="release"/>
    <property name="surefire.test.class.path" value="/home/kornulod/Templates/ui-tests/target/test-classes:/home/kornulod/Templates/ui-tests/target/classes:/home/kornulod/.m2/repository/com/github/stephenc/monte/monte-screen-recorder/0.7.7.0/monte-screen-recorder-0.7.7.0.jar:/home/kornulod/.m2/repository/junit/junit/4.13/junit-4.13.jar:/home/kornulod/.m2/repository/org/hamcrest/hamcrest-core/1.3/hamcrest-core-1.3.jar:/home/kornulod/.m2/repository/com/codeborne/selenide/5.13.0/selenide-5.13.0.jar:/home/kornulod/.m2/repository/io/github/bonigarcia/webdrivermanager/4.0.0/webdrivermanager-4.0.0.jar:/home/kornulod/.m2/repository/org/rauschig/jarchivelib/1.0.0/jarchivelib-1.0.0.jar:/home/kornulod/.m2/repository/org/apache/commons/commons-compress/1.18/commons-compress-1.18.jar:/home/kornulod/.m2/repository/org/apache/httpcomponents/client5/httpclient5/5.0.1/httpclient5-5.0.1.jar:/home/kornulod/.m2/repository/org/apache/httpcomponents/core5/httpcore5/5.0.1/httpcore5-5.0.1.jar:/home/kornulod/.m2/repository/commons-codec/commons-codec/1.13/commons-codec-1.13.jar:/home/kornulod/.m2/repository/org/slf4j/slf4j-api/1.7.30/slf4j-api-1.7.30.jar:/home/kornulod/.m2/repository/io/cucumber/cucumber-junit/1.2.6/cucumber-junit-1.2.6.jar:/home/kornulod/.m2/repository/io/cucumber/cucumber-core/1.2.6/cucumber-core-1.2.6.jar:/home/kornulod/.m2/repository/info/cukes/cucumber-html/0.2.3/cucumber-html-0.2.3.jar:/home/kornulod/.m2/repository/io/cucumber/cucumber-java/1.2.6/cucumber-java-1.2.6.jar:/home/kornulod/.m2/repository/io/qameta/allure/allure-cucumber-jvm/2.13.5/allure-cucumber-jvm-2.13.5.jar:/home/kornulod/.m2/repository/io/qameta/allure/allure-java-commons/2.13.5/allure-java-commons-2.13.5.jar:/home/kornulod/.m2/repository/io/qameta/allure/allure-model/2.13.5/allure-model-2.13.5.jar:/home/kornulod/.m2/repository/org/apache/tika/tika-core/1.20/tika-core-1.20.jar:/home/kornulod/.m2/repository/org/jooq/joor-java-8/0.9.10/joor-java-8-0.9.10.jar:/home/kornulod/.m2/repository/info/cukes/cucumber-core/1.2.5/cucumber-core-1.2.5.jar:/home/kornulod/.m2/repository/org/slf4j/slf4j-simple/1.7.30/slf4j-simple-1.7.30.jar:/home/kornulod/.m2/repository/io/rest-assured/rest-assured/4.3.0/rest-assured-4.3.0.jar:/home/kornulod/.m2/repository/org/codehaus/groovy/groovy/3.0.2/groovy-3.0.2.jar:/home/kornulod/.m2/repository/org/codehaus/groovy/groovy-xml/3.0.2/groovy-xml-3.0.2.jar:/home/kornulod/.m2/repository/org/apache/httpcomponents/httpclient/4.5.3/httpclient-4.5.3.jar:/home/kornulod/.m2/repository/org/apache/httpcomponents/httpcore/4.4.6/httpcore-4.4.6.jar:/home/kornulod/.m2/repository/commons-logging/commons-logging/1.2/commons-logging-1.2.jar:/home/kornulod/.m2/repository/org/apache/httpcomponents/httpmime/4.5.3/httpmime-4.5.3.jar:/home/kornulod/.m2/repository/org/hamcrest/hamcrest/2.1/hamcrest-2.1.jar:/home/kornulod/.m2/repository/org/ccil/cowan/tagsoup/tagsoup/1.2.1/tagsoup-1.2.1.jar:/home/kornulod/.m2/repository/io/rest-assured/json-path/4.3.0/json-path-4.3.0.jar:/home/kornulod/.m2/repository/org/codehaus/groovy/groovy-json/3.0.2/groovy-json-3.0.2.jar:/home/kornulod/.m2/repository/io/rest-assured/rest-assured-common/4.3.0/rest-assured-common-4.3.0.jar:/home/kornulod/.m2/repository/io/rest-assured/xml-path/4.3.0/xml-path-4.3.0.jar:/home/kornulod/.m2/repository/jakarta/xml/bind/jakarta.xml.bind-api/2.3.2/jakarta.xml.bind-api-2.3.2.jar:/home/kornulod/.m2/repository/jakarta/activation/jakarta.activation-api/1.2.1/jakarta.activation-api-1.2.1.jar:/home/kornulod/.m2/repository/com/sun/xml/bind/jaxb-osgi/2.3.0.1/jaxb-osgi-2.3.0.1.jar:/home/kornulod/.m2/repository/org/apache/sling/org.apache.sling.javax.activation/0.1.0/org.apache.sling.javax.activation-0.1.0.jar:/home/kornulod/.m2/repository/javax/activation/activation/1.1.1/activation-1.1.1.jar:/home/kornulod/.m2/repository/org/aeonbits/owner/owner/1.0.10/owner-1.0.10.jar:/home/kornulod/.m2/repository/commons-io/commons-io/2.6/commons-io-2.6.jar:/home/kornulod/.m2/repository/org/testng/testng/6.14.3/testng-6.14.3.jar:/home/kornulod/.m2/repository/com/beust/jcommander/1.72/jcommander-1.72.jar:/home/kornulod/.m2/repository/org/apache-extras/beanshell/bsh/2.0b6/bsh-2.0b6.jar:/home/kornulod/.m2/repository/info/cukes/cucumber-testng/1.2.5/cucumber-testng-1.2.5.jar:/home/kornulod/.m2/repository/info/cukes/gherkin/2.12.2/gherkin-2.12.2.jar:/home/kornulod/.m2/repository/info/cukes/cucumber-picocontainer/1.2.5/cucumber-picocontainer-1.2.5.jar:/home/kornulod/.m2/repository/info/cukes/cucumber-jvm-deps/1.0.5/cucumber-jvm-deps-1.0.5.jar:/home/kornulod/.m2/repository/org/picocontainer/picocontainer/2.15/picocontainer-2.15.jar:/home/kornulod/.m2/repository/net/masterthought/cucumber-reporting/4.10.0/cucumber-reporting-4.10.0.jar:/home/kornulod/.m2/repository/com/fasterxml/jackson/core/jackson-databind/2.9.9.3/jackson-databind-2.9.9.3.jar:/home/kornulod/.m2/repository/com/fasterxml/jackson/core/jackson-core/2.9.9/jackson-core-2.9.9.jar:/home/kornulod/.m2/repository/org/apache/velocity/velocity/1.7/velocity-1.7.jar:/home/kornulod/.m2/repository/commons-lang/commons-lang/2.4/commons-lang-2.4.jar:/home/kornulod/.m2/repository/commons-collections/commons-collections/3.2.2/commons-collections-3.2.2.jar:/home/kornulod/.m2/repository/velocity-tools/velocity-tools/1.4/velocity-tools-1.4.jar:/home/kornulod/.m2/repository/joda-time/joda-time/2.10.2/joda-time-2.10.2.jar:/home/kornulod/.m2/repository/org/apache/commons/commons-lang3/3.9/commons-lang3-3.9.jar:/home/kornulod/.m2/repository/org/codehaus/plexus/plexus-utils/3.2.0/plexus-utils-3.2.0.jar:/home/kornulod/.m2/repository/org/jsoup/jsoup/1.12.1/jsoup-1.12.1.jar:/home/kornulod/.m2/repository/com/googlecode/owasp-java-html-sanitizer/owasp-java-html-sanitizer/20190610.1/owasp-java-html-sanitizer-20190610.1.jar:/home/kornulod/.m2/repository/commons-configuration/commons-configuration/1.10/commons-configuration-1.10.jar:/home/kornulod/.m2/repository/org/apache/maven/plugins/maven-surefire-plugin/2.22.2/maven-surefire-plugin-2.22.2.jar:/home/kornulod/.m2/repository/org/apache/maven/surefire/maven-surefire-common/2.22.2/maven-surefire-common-2.22.2.jar:/home/kornulod/.m2/repository/org/apache/maven/maven-plugin-api/2.2.1/maven-plugin-api-2.2.1.jar:/home/kornulod/.m2/repository/org/apache/maven/plugin-tools/maven-plugin-annotations/3.5.2/maven-plugin-annotations-3.5.2.jar:/home/kornulod/.m2/repository/org/apache/maven/surefire/surefire-api/2.22.2/surefire-api-2.22.2.jar:/home/kornulod/.m2/repository/org/apache/maven/surefire/surefire-logger-api/2.22.2/surefire-logger-api-2.22.2.jar:/home/kornulod/.m2/repository/org/apache/maven/surefire/surefire-booter/2.22.2/surefire-booter-2.22.2.jar:/home/kornulod/.m2/repository/org/apache/maven/maven-artifact/2.2.1/maven-artifact-2.2.1.jar:/home/kornulod/.m2/repository/org/apache/maven/maven-plugin-descriptor/2.2.1/maven-plugin-descriptor-2.2.1.jar:/home/kornulod/.m2/repository/org/codehaus/plexus/plexus-container-default/1.0-alpha-9-stable-1/plexus-container-default-1.0-alpha-9-stable-1.jar:/home/kornulod/.m2/repository/org/apache/maven/maven-project/2.2.1/maven-project-2.2.1.jar:/home/kornulod/.m2/repository/org/apache/maven/maven-settings/2.2.1/maven-settings-2.2.1.jar:/home/kornulod/.m2/repository/org/apache/maven/maven-profile/2.2.1/maven-profile-2.2.1.jar:/home/kornulod/.m2/repository/org/apache/maven/maven-artifact-manager/2.2.1/maven-artifact-manager-2.2.1.jar:/home/kornulod/.m2/repository/backport-util-concurrent/backport-util-concurrent/3.1/backport-util-concurrent-3.1.jar:/home/kornulod/.m2/repository/org/apache/maven/maven-plugin-registry/2.2.1/maven-plugin-registry-2.2.1.jar:/home/kornulod/.m2/repository/org/codehaus/plexus/plexus-interpolation/1.11/plexus-interpolation-1.11.jar:/home/kornulod/.m2/repository/org/apache/maven/maven-model/2.2.1/maven-model-2.2.1.jar:/home/kornulod/.m2/repository/org/apache/maven/maven-core/2.2.1/maven-core-2.2.1.jar:/home/kornulod/.m2/repository/org/apache/maven/maven-plugin-parameter-documenter/2.2.1/maven-plugin-parameter-documenter-2.2.1.jar:/home/kornulod/.m2/repository/org/apache/maven/wagon/wagon-http/1.0-beta-6/wagon-http-1.0-beta-6.jar:/home/kornulod/.m2/repository/org/apache/maven/wagon/wagon-http-shared/1.0-beta-6/wagon-http-shared-1.0-beta-6.jar:/home/kornulod/.m2/repository/nekohtml/xercesMinimal/1.9.6.2/xercesMinimal-1.9.6.2.jar:/home/kornulod/.m2/repository/nekohtml/nekohtml/1.9.6.2/nekohtml-1.9.6.2.jar:/home/kornulod/.m2/repository/commons-httpclient/commons-httpclient/3.1/commons-httpclient-3.1.jar:/home/kornulod/.m2/repository/org/apache/maven/wagon/wagon-webdav-jackrabbit/1.0-beta-6/wagon-webdav-jackrabbit-1.0-beta-6.jar:/home/kornulod/.m2/repository/org/apache/jackrabbit/jackrabbit-webdav/1.5.0/jackrabbit-webdav-1.5.0.jar:/home/kornulod/.m2/repository/org/apache/jackrabbit/jackrabbit-jcr-commons/1.5.0/jackrabbit-jcr-commons-1.5.0.jar:/home/kornulod/.m2/repository/org/slf4j/slf4j-nop/1.5.3/slf4j-nop-1.5.3.jar:/home/kornulod/.m2/repository/org/slf4j/slf4j-jdk14/1.5.6/slf4j-jdk14-1.5.6.jar:/home/kornulod/.m2/repository/org/slf4j/jcl-over-slf4j/1.5.6/jcl-over-slf4j-1.5.6.jar:/home/kornulod/.m2/repository/org/apache/maven/reporting/maven-reporting-api/2.2.1/maven-reporting-api-2.2.1.jar:/home/kornulod/.m2/repository/org/apache/maven/doxia/doxia-logging-api/1.1/doxia-logging-api-1.1.jar:/home/kornulod/.m2/repository/org/apache/maven/wagon/wagon-provider-api/1.0-beta-6/wagon-provider-api-1.0-beta-6.jar:/home/kornulod/.m2/repository/org/apache/maven/maven-repository-metadata/2.2.1/maven-repository-metadata-2.2.1.jar:/home/kornulod/.m2/repository/org/apache/maven/maven-error-diagnostics/2.2.1/maven-error-diagnostics-2.2.1.jar:/home/kornulod/.m2/repository/org/apache/maven/maven-monitor/2.2.1/maven-monitor-2.2.1.jar:/home/kornulod/.m2/repository/classworlds/classworlds/1.1/classworlds-1.1.jar:/home/kornulod/.m2/repository/org/sonatype/plexus/plexus-sec-dispatcher/1.3/plexus-sec-dispatcher-1.3.jar:/home/kornulod/.m2/repository/org/sonatype/plexus/plexus-cipher/1.4/plexus-cipher-1.4.jar:/home/kornulod/.m2/repository/org/apache/maven/maven-toolchain/2.2.1/maven-toolchain-2.2.1.jar:/home/kornulod/.m2/repository/org/codehaus/plexus/plexus-java/0.9.10/plexus-java-0.9.10.jar:/home/kornulod/.m2/repository/org/ow2/asm/asm/6.2/asm-6.2.jar:/home/kornulod/.m2/repository/com/thoughtworks/qdox/qdox/2.0-M8/qdox-2.0-M8.jar:/home/kornulod/.m2/repository/org/seleniumhq/selenium/selenium-java/3.141.59/selenium-java-3.141.59.jar:/home/kornulod/.m2/repository/org/seleniumhq/selenium/selenium-api/3.141.59/selenium-api-3.141.59.jar:/home/kornulod/.m2/repository/org/seleniumhq/selenium/selenium-edge-driver/3.141.59/selenium-edge-driver-3.141.59.jar:/home/kornulod/.m2/repository/org/seleniumhq/selenium/selenium-ie-driver/3.141.59/selenium-ie-driver-3.141.59.jar:/home/kornulod/.m2/repository/org/seleniumhq/selenium/selenium-opera-driver/3.141.59/selenium-opera-driver-3.141.59.jar:/home/kornulod/.m2/repository/org/seleniumhq/selenium/selenium-safari-driver/3.141.59/selenium-safari-driver-3.141.59.jar:/home/kornulod/.m2/repository/org/seleniumhq/selenium/selenium-support/3.141.59/selenium-support-3.141.59.jar:/home/kornulod/.m2/repository/net/bytebuddy/byte-buddy/1.8.15/byte-buddy-1.8.15.jar:/home/kornulod/.m2/repository/org/apache/commons/commons-exec/1.3/commons-exec-1.3.jar:/home/kornulod/.m2/repository/com/squareup/okhttp3/okhttp/3.11.0/okhttp-3.11.0.jar:/home/kornulod/.m2/repository/com/squareup/okio/okio/1.14.0/okio-1.14.0.jar:/home/kornulod/.m2/repository/org/seleniumhq/selenium/selenium-remote-driver/3.141.59/selenium-remote-driver-3.141.59.jar:/home/kornulod/.m2/repository/org/seleniumhq/selenium/selenium-chrome-driver/3.141.59/selenium-chrome-driver-3.141.59.jar:/home/kornulod/.m2/repository/org/seleniumhq/selenium/selenium-firefox-driver/3.141.59/selenium-firefox-driver-3.141.59.jar:/home/kornulod/.m2/repository/com/google/guava/guava/23.0/guava-23.0.jar:/home/kornulod/.m2/repository/com/google/code/findbugs/jsr305/1.3.9/jsr305-1.3.9.jar:/home/kornulod/.m2/repository/com/google/errorprone/error_prone_annotations/2.0.18/error_prone_annotations-2.0.18.jar:/home/kornulod/.m2/repository/com/google/j2objc/j2objc-annotations/1.1/j2objc-annotations-1.1.jar:/home/kornulod/.m2/repository/org/codehaus/mojo/animal-sniffer-annotations/1.14/animal-sniffer-annotations-1.14.jar:/home/kornulod/.m2/repository/com/google/code/gson/gson/2.8.5/gson-2.8.5.jar:/home/kornulod/.m2/repository/org/projectlombok/lombok/1.18.10/lombok-1.18.10.jar:/home/kornulod/.m2/repository/log4j/log4j/1.2.17/log4j-1.2.17.jar:/home/kornulod/.m2/repository/mysql/mysql-connector-java/5.1.36/mysql-connector-java-5.1.36.jar:/home/kornulod/.m2/repository/com/googlecode/json-simple/json-simple/1.1/json-simple-1.1.jar:/home/kornulod/.m2/repository/org/telegram/telegrambots-meta/5.3.0/telegrambots-meta-5.3.0.jar:/home/kornulod/.m2/repository/com/fasterxml/jackson/core/jackson-annotations/2.11.3/jackson-annotations-2.11.3.jar:/home/kornulod/.m2/repository/org/json/json/20180813/json-20180813.jar:"/>
    <property name="sun.cpu.endian" value="little"/>
    <property name="user.home" value="/home/kornulod"/>
    <property name="user.language" value="en"/>
    <property name="java.specification.vendor" value="Oracle Corporation"/>
    <property name="java.version.date" value="2022-02-08"/>
    <property name="java.home" value="/usr/lib/jvm/java-11-openjdk-amd64"/>
    <property name="file.separator" value="/"/>
    <property name="basedir" value="/home/kornulod/Templates/ui-tests"/>
    <property name="java.vm.compressedOopsMode" value="Zero based"/>
    <property name="line.separator" value="&#10;"/>
    <property name="java.specification.name" value="Java Platform API Specification"/>
    <property name="java.vm.specification.vendor" value="Oracle Corporation"/>
    <property name="java.awt.graphicsenv" value="sun.awt.X11GraphicsEnvironment"/>
    <property name="surefire.real.class.path" value="/home/kornulod/Templates/ui-tests/target/surefire/surefirebooter10891156373914004851.jar"/>
    <property name="sun.management.compiler" value="HotSpot 64-Bit Tiered Compilers"/>
    <property name="java.runtime.version" value="11.0.14.1+1-Ubuntu-0ubuntu1.21.10"/>
    <property name="user.name" value="kornulod"/>
    <property name="path.separator" value=":"/>
    <property name="os.version" value="5.13.0-39-generic"/>
    <property name="java.runtime.name" value="OpenJDK Runtime Environment"/>
    <property name="file.encoding" value="UTF-8"/>
    <property name="browser" value="chrome"/>
    <property name="java.vm.name" value="OpenJDK 64-Bit Server VM"/>
    <property name="localRepository" value="/home/kornulod/.m2/repository"/>
    <property name="cucumber.options" value="--tags @C12600 --plugin io.qameta.allure.cucumberjvm.AllureCucumberJvm"/>
    <property name="java.vendor.url.bug" value="https://bugs.launchpad.net/ubuntu/+source/openjdk-lts"/>
    <property name="java.io.tmpdir" value="/tmp"/>
    <property name="java.version" value="11.0.14.1"/>
    <property name="user.dir" value="/home/kornulod/Templates/ui-tests"/>
    <property name="os.arch" value="amd64"/>
    <property name="java.vm.specification.name" value="Java Virtual Machine Specification"/>
    <property name="java.awt.printerjob" value="sun.print.PSPrinterJob"/>
    <property name="sun.os.patch.level" value="unknown"/>
    <property name="java.library.path" value="/usr/java/packages/lib:/usr/lib/x86_64-linux-gnu/jni:/lib/x86_64-linux-gnu:/usr/lib/x86_64-linux-gnu:/usr/lib/jni:/lib:/usr/lib"/>
    <property name="java.vm.info" value="mixed mode, sharing"/>
    <property name="java.vendor" value="Ubuntu"/>
    <property name="java.vm.version" value="11.0.14.1+1-Ubuntu-0ubuntu1.21.10"/>
    <property name="sun.io.unicode.encoding" value="UnicodeLittle"/>
    <property name="java.class.version" value="55.0"/>
  </properties>
  <testcase name="feature" classname="com.cuce.runs.CucumberTestRunner" time="43.13">
    <failure message="org.openqa.selenium.NoSuchElementException: no such element: Unable to locate element: {&quot;method&quot;:&quot;css selector&quot;,&quot;selector&quot;:&quot;#email&quot;}&#10;  (Session info: chrome=100.0.4896.75)&#10;For documentation on this error, please visit: https://www.seleniumhq.org/exceptions/no_such_element.html&#10;Build info: version: &apos;3.141.59&apos;, revision: &apos;e82be7d358&apos;, time: &apos;2018-11-14T08:17:03&apos;&#10;System info: host: &apos;kornylod&apos;, ip: &apos;127.0.1.1&apos;, os.name: &apos;Linux&apos;, os.arch: &apos;amd64&apos;, os.version: &apos;5.13.0-39-generic&apos;, java.version: &apos;11.0.14.1&apos;&#10;Driver info: org.openqa.selenium.chrome.ChromeDriver&#10;Capabilities {acceptInsecureCerts: false, browserName: chrome, browserVersion: 100.0.4896.75, chrome: {chromedriverVersion: 100.0.4896.60 (6a5d10861ce8..., userDataDir: /tmp/.com.google.Chrome.CamKEb}, goog:chromeOptions: {debuggerAddress: localhost:44479}, javascriptEnabled: true, networkConnectionEnabled: false, pageLoadStrategy: normal, platform: LINUX, platformName: LINUX, proxy: Proxy(), setWindowRect: true, strictFileInteractability: false, timeouts: {implicit: 0, pageLoad: 300000, script: 30000}, unhandledPromptBehavior: dismiss and notify, webauthn:extension:credBlob: true, webauthn:extension:largeBlob: true, webauthn:virtualAuthenticators: true}&#10;Session ID: 4b3cdca742ee4114f04b0bd1cb6bf9d5&#10;*** Element info: {Using=id, value=email}" type="cucumber.runtime.CucumberException">cucumber.runtime.CucumberException: 
org.openqa.selenium.NoSuchElementException: no such element: Unable to locate element: {"method":"css selector","selector":"#email"}
  (Session info: chrome=100.0.4896.75)
For documentation on this error, please visit: https://www.seleniumhq.org/exceptions/no_such_element.html
Build info: version: '3.141.59', revision: 'e82be7d358', time: '2018-11-14T08:17:03'
System info: host: 'kornylod', ip: '127.0.1.1', os.name: 'Linux', os.arch: 'amd64', os.version: '5.13.0-39-generic', java.version: '11.0.14.1'
Driver info: org.openqa.selenium.chrome.ChromeDriver
Capabilities {acceptInsecureCerts: false, browserName: chrome, browserVersion: 100.0.4896.75, chrome: {chromedriverVersion: 100.0.4896.60 (6a5d10861ce8..., userDataDir: /tmp/.com.google.Chrome.CamKEb}, goog:chromeOptions: {debuggerAddress: localhost:44479}, javascriptEnabled: true, networkConnectionEnabled: false, pageLoadStrategy: normal, platform: LINUX, platformName: LINUX, proxy: Proxy(), setWindowRect: true, strictFileInteractability: false, timeouts: {implicit: 0, pageLoad: 300000, script: 30000}, unhandledPromptBehavior: dismiss and notify, webauthn:extension:credBlob: true, webauthn:extension:largeBlob: true, webauthn:virtualAuthenticators: true}
Session ID: 4b3cdca742ee4114f04b0bd1cb6bf9d5
*** Element info: {Using=id, value=email}
Caused by: org.openqa.selenium.NoSuchElementException: 
no such element: Unable to locate element: {"method":"css selector","selector":"#email"}
  (Session info: chrome=100.0.4896.75)
For documentation on this error, please visit: https://www.seleniumhq.org/exceptions/no_such_element.html
Build info: version: '3.141.59', revision: 'e82be7d358', time: '2018-11-14T08:17:03'
System info: host: 'kornylod', ip: '127.0.1.1', os.name: 'Linux', os.arch: 'amd64', os.version: '5.13.0-39-generic', java.version: '11.0.14.1'
Driver info: org.openqa.selenium.chrome.ChromeDriver
Capabilities {acceptInsecureCerts: false, browserName: chrome, browserVersion: 100.0.4896.75, chrome: {chromedriverVersion: 100.0.4896.60 (6a5d10861ce8..., userDataDir: /tmp/.com.google.Chrome.CamKEb}, goog:chromeOptions: {debuggerAddress: localhost:44479}, javascriptEnabled: true, networkConnectionEnabled: false, pageLoadStrategy: normal, platform: LINUX, platformName: LINUX, proxy: Proxy(), setWindowRect: true, strictFileInteractability: false, timeouts: {implicit: 0, pageLoad: 300000, script: 30000}, unhandledPromptBehavior: dismiss and notify, webauthn:extension:credBlob: true, webauthn:extension:largeBlob: true, webauthn:virtualAuthenticators: true}
Session ID: 4b3cdca742ee4114f04b0bd1cb6bf9d5
*** Element info: {Using=id, value=email}
</failure>
    <system-out><![CDATA[nullnull/allure/
0 [main] INFO com.cuce.driver.SharedDriver  - 
----------------------------------------------------------------------------------
1 [main] INFO com.cuce.driver.SharedDriver  - Scenario: 'Check posibility use any payment method for anonymous user with US distant shipping'
14 [main] INFO com.cuce.driver.SharedDriver  - Time left: true
14 [main] INFO com.cuce.driver.SharedDriver  - Cookies: false
131 [main] INFO com.cuce.steps.GlobalSteps  - Go to http://carid.com/Home
13882 [main] INFO com.cuce.driver.DriverWrapper  - Use locator: email
33909 [main] INFO com.cuce.driver.SharedDriver  - Scenario: 'Check posibility use any payment method for anonymous user with US distant shipping' is: failed
33909 [main] INFO com.cuce.driver.SharedDriver  - 
----------------------------------------------------------------------------------
curl -i -F filedata=@/home/kornulod/Templates/ui-tests/javanullpointer.png https://transfer.sh/
HTTP/2 200 
server: nginx/1.14.2
date: Wed, 13 Apr 2022 11:13:06 GMT
content-type: text/plain
content-length: 46
retry-after: Wed, 13 Apr 2022 13:13:07 GMT
x-made-with: <3 by DutchCoders
x-ratelimit-key: 127.0.0.1,185.236.135.110,185.236.135.110
x-ratelimit-limit: 10
x-ratelimit-rate: 600
x-ratelimit-remaining: 9
x-ratelimit-reset: 1649848387
x-served-by: Proudly served by DutchCoders
strict-transport-security: max-age=63072000

https://transfer.sh/7Ed2bf/javanullpointer.png
]]></system-out>
    <system-err><![CDATA[SLF4J: Class path contains multiple SLF4J bindings.
SLF4J: Found binding in [jar:file:/home/kornulod/.m2/repository/org/slf4j/slf4j-simple/1.7.30/slf4j-simple-1.7.30.jar!/org/slf4j/impl/StaticLoggerBinder.class]
SLF4J: Found binding in [jar:file:/home/kornulod/.m2/repository/org/slf4j/slf4j-nop/1.5.3/slf4j-nop-1.5.3.jar!/org/slf4j/impl/StaticLoggerBinder.class]
SLF4J: Found binding in [jar:file:/home/kornulod/.m2/repository/org/slf4j/slf4j-jdk14/1.5.6/slf4j-jdk14-1.5.6.jar!/org/slf4j/impl/StaticLoggerBinder.class]
SLF4J: See http://www.slf4j.org/codes.html#multiple_bindings for an explanation.
SLF4J: Actual binding is of type [org.slf4j.impl.SimpleLoggerFactory]
Starting ChromeDriver 100.0.4896.60 (6a5d10861ce8de5fce22564658033b43cb7de047-refs/branch-heads/4896@{#875}) on port 17552
Only local connections are allowed.
Please see https://chromedriver.chromium.org/security-considerations for suggestions on keeping ChromeDriver safe.
ChromeDriver was started successfully.
Apr 13, 2022 2:12:25 PM org.openqa.selenium.remote.ProtocolHandshake createSession
INFO: Detected dialect: W3C
]]></system-err>
  </testcase>
</testsuite>